mode: atomic
github.com/apardo/mikrom-go/pkg/utils/jwt.go:17.75,29.2 3 14
github.com/apardo/mikrom-go/pkg/utils/jwt.go:32.73,33.107 1 20
github.com/apardo/mikrom-go/pkg/utils/jwt.go:33.107,34.58 1 12
github.com/apardo/mikrom-go/pkg/utils/jwt.go:34.58,36.4 1 0
github.com/apardo/mikrom-go/pkg/utils/jwt.go:37.3,37.29 1 12
github.com/apardo/mikrom-go/pkg/utils/jwt.go:40.2,40.16 1 20
github.com/apardo/mikrom-go/pkg/utils/jwt.go:40.16,42.3 1 9
github.com/apardo/mikrom-go/pkg/utils/jwt.go:44.2,44.64 1 11
github.com/apardo/mikrom-go/pkg/utils/jwt.go:44.64,46.3 1 11
github.com/apardo/mikrom-go/pkg/utils/jwt.go:48.2,48.41 1 0
github.com/apardo/mikrom-go/pkg/utils/password.go:8.52,11.2 2 17
github.com/apardo/mikrom-go/pkg/utils/password.go:14.48,17.2 2 19
github.com/apardo/mikrom-go/pkg/utils/vm.go:10.28,16.23 4 113
github.com/apardo/mikrom-go/pkg/utils/vm.go:16.23,17.15 1 904
github.com/apardo/mikrom-go/pkg/utils/vm.go:17.15,20.18 3 904
github.com/apardo/mikrom-go/pkg/utils/vm.go:20.18,21.10 1 113
github.com/apardo/mikrom-go/pkg/utils/vm.go:25.2,25.39 1 113
github.com/apardo/mikrom-go/config/config.go:33.27,35.40 1 7
github.com/apardo/mikrom-go/config/config.go:35.40,37.3 1 7
github.com/apardo/mikrom-go/config/config.go:39.2,61.15 2 7
github.com/apardo/mikrom-go/config/config.go:64.49,73.2 1 2
github.com/apardo/mikrom-go/config/config.go:75.46,76.42 1 80
github.com/apardo/mikrom-go/config/config.go:76.42,78.3 1 23
github.com/apardo/mikrom-go/config/config.go:79.2,79.21 1 57
github.com/apardo/mikrom-go/config/config.go:82.50,83.42 1 20
github.com/apardo/mikrom-go/config/config.go:83.42,84.82 1 8
github.com/apardo/mikrom-go/config/config.go:84.82,88.4 3 7
github.com/apardo/mikrom-go/config/config.go:90.2,90.21 1 13
github.com/apardo/mikrom-go/pkg/database/database.go:16.62,20.16 2 7
github.com/apardo/mikrom-go/pkg/database/database.go:20.16,22.3 1 7
github.com/apardo/mikrom-go/pkg/database/database.go:25.2,26.16 2 0
github.com/apardo/mikrom-go/pkg/database/database.go:26.16,28.3 1 0
github.com/apardo/mikrom-go/pkg/database/database.go:30.2,30.37 1 0
github.com/apardo/mikrom-go/pkg/database/database.go:30.37,32.3 1 0
github.com/apardo/mikrom-go/pkg/database/database.go:34.2,36.31 2 0
github.com/apardo/mikrom-go/pkg/database/database.go:39.34,41.16 2 0
github.com/apardo/mikrom-go/pkg/database/database.go:41.16,43.3 1 0
github.com/apardo/mikrom-go/pkg/database/database.go:44.2,44.22 1 0
github.com/apardo/mikrom-go/pkg/database/database.go:48.61,50.52 2 0
github.com/apardo/mikrom-go/pkg/database/database.go:50.52,52.3 1 0
github.com/apardo/mikrom-go/pkg/database/database.go:53.2,54.12 2 0
github.com/apardo/mikrom-go/internal/middleware/auth.go:12.55,13.30 1 9
github.com/apardo/mikrom-go/internal/middleware/auth.go:13.30,16.23 2 9
github.com/apardo/mikrom-go/internal/middleware/auth.go:16.23,22.4 3 1
github.com/apardo/mikrom-go/internal/middleware/auth.go:25.3,26.46 2 8
github.com/apardo/mikrom-go/internal/middleware/auth.go:26.46,32.4 3 3
github.com/apardo/mikrom-go/internal/middleware/auth.go:34.3,38.17 3 5
github.com/apardo/mikrom-go/internal/middleware/auth.go:38.17,44.4 3 3
github.com/apardo/mikrom-go/internal/middleware/auth.go:47.3,50.11 3 2
github.com/apardo/mikrom-go/internal/repository/ippool_repository.go:16.57,18.2 1 23
github.com/apardo/mikrom-go/internal/repository/ippool_repository.go:21.66,23.2 1 2
github.com/apardo/mikrom-go/internal/repository/ippool_repository.go:26.74,29.16 3 2
github.com/apardo/mikrom-go/internal/repository/ippool_repository.go:29.16,31.3 1 1
github.com/apardo/mikrom-go/internal/repository/ippool_repository.go:32.2,32.19 1 1
github.com/apardo/mikrom-go/internal/repository/ippool_repository.go:36.69,39.16 3 2
github.com/apardo/mikrom-go/internal/repository/ippool_repository.go:39.16,41.3 1 1
github.com/apardo/mikrom-go/internal/repository/ippool_repository.go:42.2,42.19 1 1
github.com/apardo/mikrom-go/internal/repository/ippool_repository.go:46.89,51.73 3 3
github.com/apardo/mikrom-go/internal/repository/ippool_repository.go:51.73,53.3 1 0
github.com/apardo/mikrom-go/internal/repository/ippool_repository.go:56.2,61.16 2 3
github.com/apardo/mikrom-go/internal/repository/ippool_repository.go:61.16,63.3 1 0
github.com/apardo/mikrom-go/internal/repository/ippool_repository.go:65.2,65.26 1 3
github.com/apardo/mikrom-go/internal/repository/ippool_repository.go:69.66,71.2 1 2
github.com/apardo/mikrom-go/internal/repository/ippool_repository.go:74.54,76.2 1 1
github.com/apardo/mikrom-go/internal/repository/ippool_repository.go:80.94,83.50 2 3
github.com/apardo/mikrom-go/internal/repository/ippool_repository.go:83.50,86.55 2 3
github.com/apardo/mikrom-go/internal/repository/ippool_repository.go:86.55,88.4 1 0
github.com/apardo/mikrom-go/internal/repository/ippool_repository.go:90.3,90.21 1 3
github.com/apardo/mikrom-go/internal/repository/ippool_repository.go:90.21,92.4 1 1
github.com/apardo/mikrom-go/internal/repository/ippool_repository.go:95.3,96.41 1 2
github.com/apardo/mikrom-go/internal/repository/ippool_repository.go:96.41,97.37 1 1
github.com/apardo/mikrom-go/internal/repository/ippool_repository.go:97.37,99.5 1 1
github.com/apardo/mikrom-go/internal/repository/ippool_repository.go:100.4,100.61 1 0
github.com/apardo/mikrom-go/internal/repository/ippool_repository.go:104.3,107.52 3 1
github.com/apardo/mikrom-go/internal/repository/ippool_repository.go:107.52,109.4 1 0
github.com/apardo/mikrom-go/internal/repository/ippool_repository.go:111.3,111.13 1 1
github.com/apardo/mikrom-go/internal/repository/ippool_repository.go:114.2,114.16 1 3
github.com/apardo/mikrom-go/internal/repository/ippool_repository.go:114.16,116.3 1 2
github.com/apardo/mikrom-go/internal/repository/ippool_repository.go:118.2,118.25 1 1
github.com/apardo/mikrom-go/internal/repository/ippool_repository.go:122.62,123.50 1 2
github.com/apardo/mikrom-go/internal/repository/ippool_repository.go:123.50,126.88 2 2
github.com/apardo/mikrom-go/internal/repository/ippool_repository.go:126.88,128.4 1 1
github.com/apardo/mikrom-go/internal/repository/ippool_repository.go:131.3,134.52 3 1
github.com/apardo/mikrom-go/internal/repository/ippool_repository.go:134.52,136.4 1 0
github.com/apardo/mikrom-go/internal/repository/ippool_repository.go:138.3,138.13 1 1
github.com/apardo/mikrom-go/internal/repository/ippool_repository.go:143.92,146.16 3 2
github.com/apardo/mikrom-go/internal/repository/ippool_repository.go:146.16,148.3 1 1
github.com/apardo/mikrom-go/internal/repository/ippool_repository.go:149.2,149.25 1 1
github.com/apardo/mikrom-go/internal/repository/ippool_repository.go:153.95,156.16 3 2
github.com/apardo/mikrom-go/internal/repository/ippool_repository.go:156.16,158.3 1 1
github.com/apardo/mikrom-go/internal/repository/ippool_repository.go:159.2,159.25 1 1
github.com/apardo/mikrom-go/internal/repository/ippool_repository.go:164.87,166.2 1 1
github.com/apardo/mikrom-go/internal/repository/ippool_repository.go:169.100,173.35 1 2
github.com/apardo/mikrom-go/internal/repository/ippool_repository.go:173.35,175.3 1 0
github.com/apardo/mikrom-go/internal/repository/ippool_repository.go:178.2,180.39 1 2
github.com/apardo/mikrom-go/internal/repository/ippool_repository.go:180.39,182.3 1 0
github.com/apardo/mikrom-go/internal/repository/ippool_repository.go:184.2,185.8 2 2
github.com/apardo/mikrom-go/internal/repository/testutil.go:13.41,20.16 3 53
github.com/apardo/mikrom-go/internal/repository/testutil.go:20.16,22.3 1 0
github.com/apardo/mikrom-go/internal/repository/testutil.go:25.2,30.16 1 53
github.com/apardo/mikrom-go/internal/repository/testutil.go:30.16,32.3 1 0
github.com/apardo/mikrom-go/internal/repository/testutil.go:34.2,34.11 1 53
github.com/apardo/mikrom-go/internal/repository/testutil.go:38.47,42.16 3 53
github.com/apardo/mikrom-go/internal/repository/testutil.go:42.16,45.3 2 0
github.com/apardo/mikrom-go/internal/repository/testutil.go:47.2,47.38 1 53
github.com/apardo/mikrom-go/internal/repository/testutil.go:47.38,49.3 1 0
github.com/apardo/mikrom-go/internal/repository/testutil.go:53.65,56.66 2 0
github.com/apardo/mikrom-go/internal/repository/testutil.go:56.66,58.3 1 0
github.com/apardo/mikrom-go/internal/repository/user_repository.go:15.53,17.2 1 10
github.com/apardo/mikrom-go/internal/repository/user_repository.go:19.58,20.48 1 3
github.com/apardo/mikrom-go/internal/repository/user_repository.go:20.48,22.3 1 1
github.com/apardo/mikrom-go/internal/repository/user_repository.go:23.2,23.12 1 2
github.com/apardo/mikrom-go/internal/repository/user_repository.go:26.74,30.16 3 6
github.com/apardo/mikrom-go/internal/repository/user_repository.go:30.16,31.45 1 2
github.com/apardo/mikrom-go/internal/repository/user_repository.go:31.45,33.4 1 1
github.com/apardo/mikrom-go/internal/repository/user_repository.go:34.3,34.56 1 1
github.com/apardo/mikrom-go/internal/repository/user_repository.go:37.2,37.19 1 4
github.com/apardo/mikrom-go/internal/repository/user_repository.go:40.65,44.16 3 3
github.com/apardo/mikrom-go/internal/repository/user_repository.go:44.16,45.45 1 2
github.com/apardo/mikrom-go/internal/repository/user_repository.go:45.45,47.4 1 1
github.com/apardo/mikrom-go/internal/repository/user_repository.go:48.3,48.56 1 1
github.com/apardo/mikrom-go/internal/repository/user_repository.go:51.2,51.19 1 1
github.com/apardo/mikrom-go/internal/repository/vm_repository.go:15.49,17.2 1 20
github.com/apardo/mikrom-go/internal/repository/vm_repository.go:20.52,21.46 1 2
github.com/apardo/mikrom-go/internal/repository/vm_repository.go:21.46,23.3 1 1
github.com/apardo/mikrom-go/internal/repository/vm_repository.go:24.2,24.12 1 1
github.com/apardo/mikrom-go/internal/repository/vm_repository.go:28.61,32.16 3 3
github.com/apardo/mikrom-go/internal/repository/vm_repository.go:32.16,33.45 1 2
github.com/apardo/mikrom-go/internal/repository/vm_repository.go:33.45,35.4 1 1
github.com/apardo/mikrom-go/internal/repository/vm_repository.go:36.3,36.54 1 1
github.com/apardo/mikrom-go/internal/repository/vm_repository.go:39.2,39.17 1 1
github.com/apardo/mikrom-go/internal/repository/vm_repository.go:43.68,47.16 3 2
github.com/apardo/mikrom-go/internal/repository/vm_repository.go:47.16,48.45 1 1
github.com/apardo/mikrom-go/internal/repository/vm_repository.go:48.45,50.4 1 1
github.com/apardo/mikrom-go/internal/repository/vm_repository.go:51.3,51.54 1 0
github.com/apardo/mikrom-go/internal/repository/vm_repository.go:54.2,54.17 1 1
github.com/apardo/mikrom-go/internal/repository/vm_repository.go:58.96,63.98 3 4
github.com/apardo/mikrom-go/internal/repository/vm_repository.go:63.98,65.3 1 0
github.com/apardo/mikrom-go/internal/repository/vm_repository.go:68.2,74.16 2 4
github.com/apardo/mikrom-go/internal/repository/vm_repository.go:74.16,76.3 1 0
github.com/apardo/mikrom-go/internal/repository/vm_repository.go:78.2,78.24 1 4
github.com/apardo/mikrom-go/internal/repository/vm_repository.go:82.79,87.69 3 4
github.com/apardo/mikrom-go/internal/repository/vm_repository.go:87.69,89.3 1 0
github.com/apardo/mikrom-go/internal/repository/vm_repository.go:92.2,98.16 2 4
github.com/apardo/mikrom-go/internal/repository/vm_repository.go:98.16,100.3 1 0
github.com/apardo/mikrom-go/internal/repository/vm_repository.go:102.2,102.24 1 4
github.com/apardo/mikrom-go/internal/repository/vm_repository.go:106.52,107.44 1 2
github.com/apardo/mikrom-go/internal/repository/vm_repository.go:107.44,109.3 1 1
github.com/apardo/mikrom-go/internal/repository/vm_repository.go:110.2,110.12 1 1
github.com/apardo/mikrom-go/internal/repository/vm_repository.go:114.52,115.46 1 2
github.com/apardo/mikrom-go/internal/repository/vm_repository.go:115.46,117.3 1 1
github.com/apardo/mikrom-go/internal/repository/vm_repository.go:118.2,118.12 1 1
github.com/apardo/mikrom-go/internal/repository/vm_repository.go:122.97,127.20 2 4
github.com/apardo/mikrom-go/internal/repository/vm_repository.go:127.20,129.3 1 1
github.com/apardo/mikrom-go/internal/repository/vm_repository.go:129.8,131.3 1 3
github.com/apardo/mikrom-go/internal/repository/vm_repository.go:133.2,134.16 2 4
github.com/apardo/mikrom-go/internal/repository/vm_repository.go:134.16,136.3 1 0
github.com/apardo/mikrom-go/internal/repository/vm_repository.go:138.2,138.12 1 4
github.com/apardo/mikrom-go/pkg/worker/client.go:17.70,27.2 2 0
github.com/apardo/mikrom-go/pkg/worker/client.go:30.32,32.2 1 0
github.com/apardo/mikrom-go/pkg/worker/client.go:35.66,37.16 2 0
github.com/apardo/mikrom-go/pkg/worker/client.go:37.16,39.3 1 0
github.com/apardo/mikrom-go/pkg/worker/client.go:41.2,50.16 3 0
github.com/apardo/mikrom-go/pkg/worker/client.go:50.16,52.3 1 0
github.com/apardo/mikrom-go/pkg/worker/client.go:54.2,54.12 1 0
github.com/apardo/mikrom-go/pkg/worker/client.go:58.66,60.16 2 0
github.com/apardo/mikrom-go/pkg/worker/client.go:60.16,62.3 1 0
github.com/apardo/mikrom-go/pkg/worker/client.go:64.2,72.16 3 0
github.com/apardo/mikrom-go/pkg/worker/client.go:72.16,74.3 1 0
github.com/apardo/mikrom-go/pkg/worker/client.go:76.2,76.12 1 0
github.com/apardo/mikrom-go/pkg/worker/client.go:80.64,82.16 2 0
github.com/apardo/mikrom-go/pkg/worker/client.go:82.16,84.3 1 0
github.com/apardo/mikrom-go/pkg/worker/client.go:86.2,94.16 3 0
github.com/apardo/mikrom-go/pkg/worker/client.go:94.16,96.3 1 0
github.com/apardo/mikrom-go/pkg/worker/client.go:98.2,98.12 1 0
github.com/apardo/mikrom-go/pkg/worker/client.go:102.62,104.16 2 0
github.com/apardo/mikrom-go/pkg/worker/client.go:104.16,106.3 1 0
github.com/apardo/mikrom-go/pkg/worker/client.go:108.2,116.16 3 0
github.com/apardo/mikrom-go/pkg/worker/client.go:116.16,118.3 1 0
github.com/apardo/mikrom-go/pkg/worker/client.go:120.2,120.12 1 0
github.com/apardo/mikrom-go/pkg/worker/client.go:124.68,126.16 2 0
github.com/apardo/mikrom-go/pkg/worker/client.go:126.16,128.3 1 0
github.com/apardo/mikrom-go/pkg/worker/client.go:130.2,138.16 3 0
github.com/apardo/mikrom-go/pkg/worker/client.go:138.16,140.3 1 0
github.com/apardo/mikrom-go/pkg/worker/client.go:142.2,142.12 1 0
github.com/apardo/mikrom-go/pkg/worker/handlers.go:32.16,40.2 1 0
github.com/apardo/mikrom-go/pkg/worker/handlers.go:43.80,45.62 2 0
github.com/apardo/mikrom-go/pkg/worker/handlers.go:45.62,47.3 1 0
github.com/apardo/mikrom-go/pkg/worker/handlers.go:49.2,52.93 2 0
github.com/apardo/mikrom-go/pkg/worker/handlers.go:52.93,55.3 2 0
github.com/apardo/mikrom-go/pkg/worker/handlers.go:58.2,60.16 3 0
github.com/apardo/mikrom-go/pkg/worker/handlers.go:60.16,65.3 4 0
github.com/apardo/mikrom-go/pkg/worker/handlers.go:67.2,68.16 2 0
github.com/apardo/mikrom-go/pkg/worker/handlers.go:68.16,73.3 4 0
github.com/apardo/mikrom-go/pkg/worker/handlers.go:75.2,79.16 3 0
github.com/apardo/mikrom-go/pkg/worker/handlers.go:79.16,86.3 5 0
github.com/apardo/mikrom-go/pkg/worker/handlers.go:88.2,89.44 2 0
github.com/apardo/mikrom-go/pkg/worker/handlers.go:89.44,96.3 5 0
github.com/apardo/mikrom-go/pkg/worker/handlers.go:99.2,111.35 4 0
github.com/apardo/mikrom-go/pkg/worker/handlers.go:111.35,118.3 5 0
github.com/apardo/mikrom-go/pkg/worker/handlers.go:120.2,123.88 2 0
github.com/apardo/mikrom-go/pkg/worker/handlers.go:123.88,126.3 2 0
github.com/apardo/mikrom-go/pkg/worker/handlers.go:128.2,129.12 2 0
github.com/apardo/mikrom-go/pkg/worker/handlers.go:133.80,135.62 2 0
github.com/apardo/mikrom-go/pkg/worker/handlers.go:135.62,137.3 1 0
github.com/apardo/mikrom-go/pkg/worker/handlers.go:139.2,143.16 3 0
github.com/apardo/mikrom-go/pkg/worker/handlers.go:143.16,146.3 2 0
github.com/apardo/mikrom-go/pkg/worker/handlers.go:148.2,149.21 2 0
github.com/apardo/mikrom-go/pkg/worker/handlers.go:149.21,151.3 1 0
github.com/apardo/mikrom-go/pkg/worker/handlers.go:154.2,154.21 1 0
github.com/apardo/mikrom-go/pkg/worker/handlers.go:154.21,158.36 3 0
github.com/apardo/mikrom-go/pkg/worker/handlers.go:158.36,163.4 4 0
github.com/apardo/mikrom-go/pkg/worker/handlers.go:165.3,169.59 3 0
github.com/apardo/mikrom-go/pkg/worker/handlers.go:169.59,172.4 1 0
github.com/apardo/mikrom-go/pkg/worker/handlers.go:176.2,177.44 2 0
github.com/apardo/mikrom-go/pkg/worker/handlers.go:177.44,180.3 2 0
github.com/apardo/mikrom-go/pkg/worker/handlers.go:182.2,183.12 2 0
github.com/apardo/mikrom-go/pkg/worker/handlers.go:187.79,189.62 2 0
github.com/apardo/mikrom-go/pkg/worker/handlers.go:189.62,191.3 1 0
github.com/apardo/mikrom-go/pkg/worker/handlers.go:193.2,197.35 3 0
github.com/apardo/mikrom-go/pkg/worker/handlers.go:197.35,202.3 4 0
github.com/apardo/mikrom-go/pkg/worker/handlers.go:204.2,207.88 2 0
github.com/apardo/mikrom-go/pkg/worker/handlers.go:207.88,210.3 2 0
github.com/apardo/mikrom-go/pkg/worker/handlers.go:212.2,213.12 2 0
github.com/apardo/mikrom-go/pkg/worker/handlers.go:217.78,219.62 2 0
github.com/apardo/mikrom-go/pkg/worker/handlers.go:219.62,221.3 1 0
github.com/apardo/mikrom-go/pkg/worker/handlers.go:223.2,227.35 3 0
github.com/apardo/mikrom-go/pkg/worker/handlers.go:227.35,232.3 4 0
github.com/apardo/mikrom-go/pkg/worker/handlers.go:234.2,237.88 2 0
github.com/apardo/mikrom-go/pkg/worker/handlers.go:237.88,240.3 2 0
github.com/apardo/mikrom-go/pkg/worker/handlers.go:242.2,243.12 2 0
github.com/apardo/mikrom-go/pkg/worker/handlers.go:247.81,249.62 2 0
github.com/apardo/mikrom-go/pkg/worker/handlers.go:249.62,251.3 1 0
github.com/apardo/mikrom-go/pkg/worker/handlers.go:253.2,260.35 5 0
github.com/apardo/mikrom-go/pkg/worker/handlers.go:260.35,265.3 4 0
github.com/apardo/mikrom-go/pkg/worker/handlers.go:268.2,272.35 4 0
github.com/apardo/mikrom-go/pkg/worker/handlers.go:272.35,277.3 4 0
github.com/apardo/mikrom-go/pkg/worker/handlers.go:279.2,282.88 2 0
github.com/apardo/mikrom-go/pkg/worker/handlers.go:282.88,285.3 2 0
github.com/apardo/mikrom-go/pkg/worker/handlers.go:287.2,288.12 2 0
github.com/apardo/mikrom-go/pkg/worker/server.go:25.64,53.2 3 0
github.com/apardo/mikrom-go/pkg/worker/server.go:56.37,70.2 11 0
github.com/apardo/mikrom-go/pkg/worker/server.go:73.32,76.2 2 0
github.com/apardo/mikrom-go/pkg/worker/server.go:79.25,82.2 2 0
github.com/apardo/mikrom-go/internal/service/auth_service.go:16.89,21.2 1 10
github.com/apardo/mikrom-go/internal/service/auth_service.go:23.83,26.16 2 3
github.com/apardo/mikrom-go/internal/service/auth_service.go:26.16,28.3 1 1
github.com/apardo/mikrom-go/internal/service/auth_service.go:29.2,29.25 1 2
github.com/apardo/mikrom-go/internal/service/auth_service.go:29.25,31.3 1 1
github.com/apardo/mikrom-go/internal/service/auth_service.go:34.2,35.16 2 1
github.com/apardo/mikrom-go/internal/service/auth_service.go:35.16,37.3 1 0
github.com/apardo/mikrom-go/internal/service/auth_service.go:40.2,46.48 2 1
github.com/apardo/mikrom-go/internal/service/auth_service.go:46.48,48.3 1 0
github.com/apardo/mikrom-go/internal/service/auth_service.go:50.2,50.18 1 1
github.com/apardo/mikrom-go/internal/service/auth_service.go:53.86,56.16 2 4
github.com/apardo/mikrom-go/internal/service/auth_service.go:56.16,58.3 1 1
github.com/apardo/mikrom-go/internal/service/auth_service.go:59.2,59.17 1 3
github.com/apardo/mikrom-go/internal/service/auth_service.go:59.17,61.3 1 1
github.com/apardo/mikrom-go/internal/service/auth_service.go:64.2,64.59 1 2
github.com/apardo/mikrom-go/internal/service/auth_service.go:64.59,66.3 1 1
github.com/apardo/mikrom-go/internal/service/auth_service.go:69.2,70.16 2 1
github.com/apardo/mikrom-go/internal/service/auth_service.go:70.16,72.3 1 0
github.com/apardo/mikrom-go/internal/service/auth_service.go:74.2,77.8 1 1
github.com/apardo/mikrom-go/internal/service/auth_service.go:80.69,82.2 1 3
github.com/apardo/mikrom-go/internal/service/ippool_service.go:18.79,22.2 1 21
github.com/apardo/mikrom-go/internal/service/ippool_service.go:65.87,67.46 1 5
github.com/apardo/mikrom-go/internal/service/ippool_service.go:67.46,69.3 1 4
github.com/apardo/mikrom-go/internal/service/ippool_service.go:72.2,82.54 2 1
github.com/apardo/mikrom-go/internal/service/ippool_service.go:82.54,84.3 1 0
github.com/apardo/mikrom-go/internal/service/ippool_service.go:87.2,88.16 2 1
github.com/apardo/mikrom-go/internal/service/ippool_service.go:88.16,90.3 1 0
github.com/apardo/mikrom-go/internal/service/ippool_service.go:92.2,93.25 2 1
github.com/apardo/mikrom-go/internal/service/ippool_service.go:93.25,100.3 1 11
github.com/apardo/mikrom-go/internal/service/ippool_service.go:102.2,102.68 1 1
github.com/apardo/mikrom-go/internal/service/ippool_service.go:102.68,104.3 1 0
github.com/apardo/mikrom-go/internal/service/ippool_service.go:106.2,106.18 1 1
github.com/apardo/mikrom-go/internal/service/ippool_service.go:110.67,112.16 2 2
github.com/apardo/mikrom-go/internal/service/ippool_service.go:112.16,114.3 1 1
github.com/apardo/mikrom-go/internal/service/ippool_service.go:115.2,115.18 1 1
github.com/apardo/mikrom-go/internal/service/ippool_service.go:119.90,123.16 3 3
github.com/apardo/mikrom-go/internal/service/ippool_service.go:123.16,125.3 1 0
github.com/apardo/mikrom-go/internal/service/ippool_service.go:127.2,128.29 2 3
github.com/apardo/mikrom-go/internal/service/ippool_service.go:128.29,141.3 1 11
github.com/apardo/mikrom-go/internal/service/ippool_service.go:143.2,143.30 1 3
github.com/apardo/mikrom-go/internal/service/ippool_service.go:147.95,149.16 2 2
github.com/apardo/mikrom-go/internal/service/ippool_service.go:149.16,151.3 1 1
github.com/apardo/mikrom-go/internal/service/ippool_service.go:153.2,153.17 1 1
github.com/apardo/mikrom-go/internal/service/ippool_service.go:153.17,155.3 1 0
github.com/apardo/mikrom-go/internal/service/ippool_service.go:158.2,158.21 1 1
github.com/apardo/mikrom-go/internal/service/ippool_service.go:158.21,160.3 1 1
github.com/apardo/mikrom-go/internal/service/ippool_service.go:161.2,161.25 1 1
github.com/apardo/mikrom-go/internal/service/ippool_service.go:161.25,163.3 1 1
github.com/apardo/mikrom-go/internal/service/ippool_service.go:165.2,165.54 1 1
github.com/apardo/mikrom-go/internal/service/ippool_service.go:165.54,167.3 1 0
github.com/apardo/mikrom-go/internal/service/ippool_service.go:169.2,169.18 1 1
github.com/apardo/mikrom-go/internal/service/ippool_service.go:173.52,176.16 2 2
github.com/apardo/mikrom-go/internal/service/ippool_service.go:176.16,178.3 1 0
github.com/apardo/mikrom-go/internal/service/ippool_service.go:180.2,180.19 1 2
github.com/apardo/mikrom-go/internal/service/ippool_service.go:180.19,182.3 1 1
github.com/apardo/mikrom-go/internal/service/ippool_service.go:184.2,184.58 1 1
github.com/apardo/mikrom-go/internal/service/ippool_service.go:184.58,186.3 1 0
github.com/apardo/mikrom-go/internal/service/ippool_service.go:188.2,188.12 1 1
github.com/apardo/mikrom-go/internal/service/ippool_service.go:192.76,194.16 2 5
github.com/apardo/mikrom-go/internal/service/ippool_service.go:194.16,196.3 1 1
github.com/apardo/mikrom-go/internal/service/ippool_service.go:198.2,198.17 1 4
github.com/apardo/mikrom-go/internal/service/ippool_service.go:198.17,200.3 1 0
github.com/apardo/mikrom-go/internal/service/ippool_service.go:202.2,203.16 2 4
github.com/apardo/mikrom-go/internal/service/ippool_service.go:203.16,205.3 1 0
github.com/apardo/mikrom-go/internal/service/ippool_service.go:207.2,208.15 2 4
github.com/apardo/mikrom-go/internal/service/ippool_service.go:208.15,210.3 1 4
github.com/apardo/mikrom-go/internal/service/ippool_service.go:212.2,219.8 1 4
github.com/apardo/mikrom-go/internal/service/ippool_service.go:223.71,226.16 2 5
github.com/apardo/mikrom-go/internal/service/ippool_service.go:226.16,228.3 1 1
github.com/apardo/mikrom-go/internal/service/ippool_service.go:231.2,231.37 1 4
github.com/apardo/mikrom-go/internal/service/ippool_service.go:231.37,233.3 1 1
github.com/apardo/mikrom-go/internal/service/ippool_service.go:235.2,236.20 2 3
github.com/apardo/mikrom-go/internal/service/ippool_service.go:236.20,238.3 1 1
github.com/apardo/mikrom-go/internal/service/ippool_service.go:240.2,241.18 2 2
github.com/apardo/mikrom-go/internal/service/ippool_service.go:241.18,243.3 1 0
github.com/apardo/mikrom-go/internal/service/ippool_service.go:246.2,246.39 1 2
github.com/apardo/mikrom-go/internal/service/ippool_service.go:246.39,248.3 1 1
github.com/apardo/mikrom-go/internal/service/ippool_service.go:250.2,250.12 1 1
github.com/apardo/mikrom-go/internal/service/ippool_service.go:254.82,258.32 3 4
github.com/apardo/mikrom-go/internal/service/ippool_service.go:258.32,260.3 1 0
github.com/apardo/mikrom-go/internal/service/ippool_service.go:262.2,265.23 3 4
github.com/apardo/mikrom-go/internal/service/ippool_service.go:265.23,267.3 1 0
github.com/apardo/mikrom-go/internal/service/ippool_service.go:269.2,270.18 2 4
github.com/apardo/mikrom-go/internal/service/ippool_service.go:270.18,272.3 1 1
github.com/apardo/mikrom-go/internal/service/ippool_service.go:274.2,275.37 2 3
github.com/apardo/mikrom-go/internal/service/ippool_service.go:275.37,277.3 1 18
github.com/apardo/mikrom-go/internal/service/ippool_service.go:279.2,279.17 1 3
github.com/apardo/mikrom-go/internal/service/ippool_service.go:283.32,285.15 2 21
github.com/apardo/mikrom-go/internal/service/ippool_service.go:285.15,287.3 1 0
github.com/apardo/mikrom-go/internal/service/ippool_service.go:288.2,288.81 1 21
github.com/apardo/mikrom-go/internal/service/ippool_service.go:292.31,294.2 1 27
github.com/apardo/mikrom-go/internal/service/ippool_service.go:297.74,299.16 2 1
github.com/apardo/mikrom-go/internal/service/ippool_service.go:299.16,301.3 1 0
github.com/apardo/mikrom-go/internal/service/ippool_service.go:303.2,304.29 2 1
github.com/apardo/mikrom-go/internal/service/ippool_service.go:304.29,306.17 2 3
github.com/apardo/mikrom-go/internal/service/ippool_service.go:306.17,308.4 1 0
github.com/apardo/mikrom-go/internal/service/ippool_service.go:309.3,309.24 1 3
github.com/apardo/mikrom-go/internal/service/ippool_service.go:312.2,312.19 1 1
github.com/apardo/mikrom-go/internal/service/ippool_service.go:316.101,318.16 2 4
github.com/apardo/mikrom-go/internal/service/ippool_service.go:318.16,320.3 1 2
github.com/apardo/mikrom-go/internal/service/ippool_service.go:323.2,342.61 12 2
github.com/apardo/mikrom-go/internal/service/ippool_service.go:346.88,348.16 2 2
github.com/apardo/mikrom-go/internal/service/ippool_service.go:348.16,350.3 1 1
github.com/apardo/mikrom-go/internal/service/ippool_service.go:353.2,358.18 4 1
github.com/apardo/mikrom-go/internal/service/ippool_service.go:358.18,360.3 1 0
github.com/apardo/mikrom-go/internal/service/ippool_service.go:362.2,365.26 3 1
github.com/apardo/mikrom-go/internal/service/ippool_service.go:365.26,367.3 1 0
github.com/apardo/mikrom-go/internal/service/ippool_service.go:369.2,371.28 2 1
github.com/apardo/mikrom-go/internal/service/ippool_service.go:375.31,377.16 2 0
github.com/apardo/mikrom-go/internal/service/ippool_service.go:377.16,379.3 1 0
github.com/apardo/mikrom-go/internal/service/ippool_service.go:380.2,380.12 1 0
github.com/apardo/mikrom-go/internal/service/vm_service.go:29.90,34.2 1 0
github.com/apardo/mikrom-go/internal/service/vm_service.go:37.90,54.44 3 2
github.com/apardo/mikrom-go/internal/service/vm_service.go:54.44,56.3 1 0
github.com/apardo/mikrom-go/internal/service/vm_service.go:59.2,70.64 2 2
github.com/apardo/mikrom-go/internal/service/vm_service.go:70.64,74.3 1 1
github.com/apardo/mikrom-go/internal/service/vm_service.go:76.2,76.16 1 2
github.com/apardo/mikrom-go/internal/service/vm_service.go:80.72,82.16 2 3
github.com/apardo/mikrom-go/internal/service/vm_service.go:82.16,84.3 1 0
github.com/apardo/mikrom-go/internal/service/vm_service.go:86.2,86.15 1 3
github.com/apardo/mikrom-go/internal/service/vm_service.go:86.15,88.3 1 1
github.com/apardo/mikrom-go/internal/service/vm_service.go:91.2,91.25 1 2
github.com/apardo/mikrom-go/internal/service/vm_service.go:91.25,93.3 1 1
github.com/apardo/mikrom-go/internal/service/vm_service.go:95.2,95.16 1 1
github.com/apardo/mikrom-go/internal/service/vm_service.go:99.93,103.16 3 3
github.com/apardo/mikrom-go/internal/service/vm_service.go:103.16,105.3 1 0
github.com/apardo/mikrom-go/internal/service/vm_service.go:108.2,109.25 2 3
github.com/apardo/mikrom-go/internal/service/vm_service.go:109.25,111.3 1 11
github.com/apardo/mikrom-go/internal/service/vm_service.go:113.2,121.8 2 3
github.com/apardo/mikrom-go/internal/service/vm_service.go:125.103,127.16 2 3
github.com/apardo/mikrom-go/internal/service/vm_service.go:127.16,129.3 1 0
github.com/apardo/mikrom-go/internal/service/vm_service.go:131.2,131.15 1 3
github.com/apardo/mikrom-go/internal/service/vm_service.go:131.15,133.3 1 1
github.com/apardo/mikrom-go/internal/service/vm_service.go:136.2,136.25 1 2
github.com/apardo/mikrom-go/internal/service/vm_service.go:136.25,138.3 1 1
github.com/apardo/mikrom-go/internal/service/vm_service.go:141.2,141.21 1 1
github.com/apardo/mikrom-go/internal/service/vm_service.go:141.21,143.3 1 1
github.com/apardo/mikrom-go/internal/service/vm_service.go:144.2,144.28 1 1
github.com/apardo/mikrom-go/internal/service/vm_service.go:144.28,146.3 1 1
github.com/apardo/mikrom-go/internal/service/vm_service.go:148.2,148.44 1 1
github.com/apardo/mikrom-go/internal/service/vm_service.go:148.44,150.3 1 0
github.com/apardo/mikrom-go/internal/service/vm_service.go:152.2,152.16 1 1
github.com/apardo/mikrom-go/internal/service/vm_service.go:156.61,158.16 2 3
github.com/apardo/mikrom-go/internal/service/vm_service.go:158.16,160.3 1 0
github.com/apardo/mikrom-go/internal/service/vm_service.go:162.2,162.15 1 3
github.com/apardo/mikrom-go/internal/service/vm_service.go:162.15,164.3 1 1
github.com/apardo/mikrom-go/internal/service/vm_service.go:167.2,167.25 1 2
github.com/apardo/mikrom-go/internal/service/vm_service.go:167.25,169.3 1 0
github.com/apardo/mikrom-go/internal/service/vm_service.go:172.2,172.42 1 2
github.com/apardo/mikrom-go/internal/service/vm_service.go:172.42,174.3 1 1
github.com/apardo/mikrom-go/internal/service/vm_service.go:177.2,177.81 1 1
github.com/apardo/mikrom-go/internal/service/vm_service.go:177.81,179.3 1 0
github.com/apardo/mikrom-go/internal/service/vm_service.go:182.2,188.64 2 1
github.com/apardo/mikrom-go/internal/service/vm_service.go:188.64,193.3 3 0
github.com/apardo/mikrom-go/internal/service/vm_service.go:195.2,195.12 1 1
github.com/apardo/mikrom-go/internal/service/vm_service.go:199.60,201.16 2 2
github.com/apardo/mikrom-go/internal/service/vm_service.go:201.16,203.3 1 0
github.com/apardo/mikrom-go/internal/service/vm_service.go:205.2,205.15 1 2
github.com/apardo/mikrom-go/internal/service/vm_service.go:205.15,207.3 1 0
github.com/apardo/mikrom-go/internal/service/vm_service.go:210.2,210.25 1 2
github.com/apardo/mikrom-go/internal/service/vm_service.go:210.25,212.3 1 0
github.com/apardo/mikrom-go/internal/service/vm_service.go:215.2,215.78 1 2
github.com/apardo/mikrom-go/internal/service/vm_service.go:215.78,217.3 1 1
github.com/apardo/mikrom-go/internal/service/vm_service.go:220.2,220.81 1 1
github.com/apardo/mikrom-go/internal/service/vm_service.go:220.81,222.3 1 0
github.com/apardo/mikrom-go/internal/service/vm_service.go:225.2,231.63 2 1
github.com/apardo/mikrom-go/internal/service/vm_service.go:231.63,236.3 3 0
github.com/apardo/mikrom-go/internal/service/vm_service.go:238.2,238.12 1 1
github.com/apardo/mikrom-go/internal/service/vm_service.go:242.59,244.16 2 2
github.com/apardo/mikrom-go/internal/service/vm_service.go:244.16,246.3 1 0
github.com/apardo/mikrom-go/internal/service/vm_service.go:248.2,248.15 1 2
github.com/apardo/mikrom-go/internal/service/vm_service.go:248.15,250.3 1 0
github.com/apardo/mikrom-go/internal/service/vm_service.go:253.2,253.25 1 2
github.com/apardo/mikrom-go/internal/service/vm_service.go:253.25,255.3 1 0
github.com/apardo/mikrom-go/internal/service/vm_service.go:258.2,258.41 1 2
github.com/apardo/mikrom-go/internal/service/vm_service.go:258.41,260.3 1 1
github.com/apardo/mikrom-go/internal/service/vm_service.go:263.2,263.81 1 1
github.com/apardo/mikrom-go/internal/service/vm_service.go:263.81,265.3 1 0
github.com/apardo/mikrom-go/internal/service/vm_service.go:268.2,274.62 2 1
github.com/apardo/mikrom-go/internal/service/vm_service.go:274.62,279.3 3 0
github.com/apardo/mikrom-go/internal/service/vm_service.go:281.2,281.12 1 1
github.com/apardo/mikrom-go/internal/service/vm_service.go:285.62,287.16 2 2
github.com/apardo/mikrom-go/internal/service/vm_service.go:287.16,289.3 1 0
github.com/apardo/mikrom-go/internal/service/vm_service.go:291.2,291.15 1 2
github.com/apardo/mikrom-go/internal/service/vm_service.go:291.15,293.3 1 0
github.com/apardo/mikrom-go/internal/service/vm_service.go:296.2,296.25 1 2
github.com/apardo/mikrom-go/internal/service/vm_service.go:296.25,298.3 1 0
github.com/apardo/mikrom-go/internal/service/vm_service.go:301.2,301.41 1 2
github.com/apardo/mikrom-go/internal/service/vm_service.go:301.41,303.3 1 1
github.com/apardo/mikrom-go/internal/service/vm_service.go:306.2,306.83 1 1
github.com/apardo/mikrom-go/internal/service/vm_service.go:306.83,308.3 1 0
github.com/apardo/mikrom-go/internal/service/vm_service.go:311.2,317.65 2 1
github.com/apardo/mikrom-go/internal/service/vm_service.go:317.65,322.3 3 0
github.com/apardo/mikrom-go/internal/service/vm_service.go:324.2,324.12 1 1
github.com/apardo/mikrom-go/internal/service/vm_service.go:328.52,344.2 1 11
github.com/apardo/mikrom-go/internal/handlers/auth_handler.go:15.68,17.2 1 11
github.com/apardo/mikrom-go/internal/handlers/auth_handler.go:21.48,24.47 2 4
github.com/apardo/mikrom-go/internal/handlers/auth_handler.go:24.47,29.3 2 2
github.com/apardo/mikrom-go/internal/handlers/auth_handler.go:31.2,32.16 2 2
github.com/apardo/mikrom-go/internal/handlers/auth_handler.go:32.16,33.44 1 1
github.com/apardo/mikrom-go/internal/handlers/auth_handler.go:33.44,38.4 2 1
github.com/apardo/mikrom-go/internal/handlers/auth_handler.go:39.3,42.9 2 0
github.com/apardo/mikrom-go/internal/handlers/auth_handler.go:45.2,48.4 1 1
github.com/apardo/mikrom-go/internal/handlers/auth_handler.go:53.45,56.47 2 4
github.com/apardo/mikrom-go/internal/handlers/auth_handler.go:56.47,61.3 2 1
github.com/apardo/mikrom-go/internal/handlers/auth_handler.go:63.2,64.16 2 3
github.com/apardo/mikrom-go/internal/handlers/auth_handler.go:64.16,65.43 1 2
github.com/apardo/mikrom-go/internal/handlers/auth_handler.go:65.43,70.4 2 2
github.com/apardo/mikrom-go/internal/handlers/auth_handler.go:71.3,74.9 2 0
github.com/apardo/mikrom-go/internal/handlers/auth_handler.go:77.2,77.33 1 1
github.com/apardo/mikrom-go/internal/handlers/auth_handler.go:82.50,85.13 2 3
github.com/apardo/mikrom-go/internal/handlers/auth_handler.go:85.13,90.3 2 1
github.com/apardo/mikrom-go/internal/handlers/auth_handler.go:92.2,93.31 2 2
github.com/apardo/mikrom-go/internal/handlers/auth_handler.go:93.31,98.3 2 1
github.com/apardo/mikrom-go/internal/handlers/auth_handler.go:100.2,100.29 1 1
github.com/apardo/mikrom-go/internal/handlers/ippool_handler.go:15.76,19.2 1 18
github.com/apardo/mikrom-go/internal/handlers/ippool_handler.go:23.54,25.47 2 3
github.com/apardo/mikrom-go/internal/handlers/ippool_handler.go:25.47,28.3 2 1
github.com/apardo/mikrom-go/internal/handlers/ippool_handler.go:30.2,31.16 2 2
github.com/apardo/mikrom-go/internal/handlers/ippool_handler.go:31.16,34.3 2 1
github.com/apardo/mikrom-go/internal/handlers/ippool_handler.go:36.2,36.34 1 1
github.com/apardo/mikrom-go/internal/handlers/ippool_handler.go:41.53,45.14 3 2
github.com/apardo/mikrom-go/internal/handlers/ippool_handler.go:45.14,47.3 1 0
github.com/apardo/mikrom-go/internal/handlers/ippool_handler.go:48.2,48.36 1 2
github.com/apardo/mikrom-go/internal/handlers/ippool_handler.go:48.36,50.3 1 0
github.com/apardo/mikrom-go/internal/handlers/ippool_handler.go:52.2,53.16 2 2
github.com/apardo/mikrom-go/internal/handlers/ippool_handler.go:53.16,56.3 2 0
github.com/apardo/mikrom-go/internal/handlers/ippool_handler.go:58.2,64.4 1 2
github.com/apardo/mikrom-go/internal/handlers/ippool_handler.go:69.51,71.16 2 3
github.com/apardo/mikrom-go/internal/handlers/ippool_handler.go:71.16,74.3 2 1
github.com/apardo/mikrom-go/internal/handlers/ippool_handler.go:76.2,77.16 2 2
github.com/apardo/mikrom-go/internal/handlers/ippool_handler.go:77.16,80.3 2 1
github.com/apardo/mikrom-go/internal/handlers/ippool_handler.go:82.2,82.29 1 1
github.com/apardo/mikrom-go/internal/handlers/ippool_handler.go:87.54,89.16 2 2
github.com/apardo/mikrom-go/internal/handlers/ippool_handler.go:89.16,92.3 2 1
github.com/apardo/mikrom-go/internal/handlers/ippool_handler.go:94.2,95.47 2 1
github.com/apardo/mikrom-go/internal/handlers/ippool_handler.go:95.47,98.3 2 0
github.com/apardo/mikrom-go/internal/handlers/ippool_handler.go:100.2,101.16 2 1
github.com/apardo/mikrom-go/internal/handlers/ippool_handler.go:101.16,104.3 2 0
github.com/apardo/mikrom-go/internal/handlers/ippool_handler.go:106.2,106.29 1 1
github.com/apardo/mikrom-go/internal/handlers/ippool_handler.go:111.54,113.16 2 2
github.com/apardo/mikrom-go/internal/handlers/ippool_handler.go:113.16,116.3 2 1
github.com/apardo/mikrom-go/internal/handlers/ippool_handler.go:118.2,118.57 1 1
github.com/apardo/mikrom-go/internal/handlers/ippool_handler.go:118.57,121.3 2 0
github.com/apardo/mikrom-go/internal/handlers/ippool_handler.go:123.2,123.35 1 1
github.com/apardo/mikrom-go/internal/handlers/ippool_handler.go:128.54,130.16 2 2
github.com/apardo/mikrom-go/internal/handlers/ippool_handler.go:130.16,133.3 2 0
github.com/apardo/mikrom-go/internal/handlers/ippool_handler.go:135.2,136.16 2 2
github.com/apardo/mikrom-go/internal/handlers/ippool_handler.go:136.16,139.3 2 1
github.com/apardo/mikrom-go/internal/handlers/ippool_handler.go:141.2,141.30 1 1
github.com/apardo/mikrom-go/internal/handlers/ippool_handler.go:146.57,148.16 2 1
github.com/apardo/mikrom-go/internal/handlers/ippool_handler.go:148.16,151.3 2 0
github.com/apardo/mikrom-go/internal/handlers/ippool_handler.go:153.2,155.4 1 1
github.com/apardo/mikrom-go/internal/handlers/ippool_handler.go:160.56,165.47 2 3
github.com/apardo/mikrom-go/internal/handlers/ippool_handler.go:165.47,168.3 2 1
github.com/apardo/mikrom-go/internal/handlers/ippool_handler.go:170.2,171.16 2 2
github.com/apardo/mikrom-go/internal/handlers/ippool_handler.go:171.16,174.3 2 1
github.com/apardo/mikrom-go/internal/handlers/ippool_handler.go:176.2,177.16 2 1
github.com/apardo/mikrom-go/internal/handlers/ippool_handler.go:177.16,180.3 2 0
github.com/apardo/mikrom-go/internal/handlers/ippool_handler.go:182.2,191.4 1 1
github.com/apardo/mikrom-go/internal/handlers/vm_handler.go:16.60,20.2 1 29
github.com/apardo/mikrom-go/internal/handlers/vm_handler.go:34.46,37.13 2 3
github.com/apardo/mikrom-go/internal/handlers/vm_handler.go:37.13,42.3 2 1
github.com/apardo/mikrom-go/internal/handlers/vm_handler.go:44.2,45.47 2 2
github.com/apardo/mikrom-go/internal/handlers/vm_handler.go:45.47,50.3 2 1
github.com/apardo/mikrom-go/internal/handlers/vm_handler.go:52.2,53.16 2 1
github.com/apardo/mikrom-go/internal/handlers/vm_handler.go:53.16,58.3 2 0
github.com/apardo/mikrom-go/internal/handlers/vm_handler.go:60.2,60.32 1 1
github.com/apardo/mikrom-go/internal/handlers/vm_handler.go:74.45,76.13 2 2
github.com/apardo/mikrom-go/internal/handlers/vm_handler.go:76.13,81.3 2 1
github.com/apardo/mikrom-go/internal/handlers/vm_handler.go:84.2,88.14 3 1
github.com/apardo/mikrom-go/internal/handlers/vm_handler.go:88.14,90.3 1 0
github.com/apardo/mikrom-go/internal/handlers/vm_handler.go:91.2,91.36 1 1
github.com/apardo/mikrom-go/internal/handlers/vm_handler.go:91.36,93.3 1 0
github.com/apardo/mikrom-go/internal/handlers/vm_handler.go:95.2,96.16 2 1
github.com/apardo/mikrom-go/internal/handlers/vm_handler.go:96.16,101.3 2 0
github.com/apardo/mikrom-go/internal/handlers/vm_handler.go:103.2,103.31 1 1
github.com/apardo/mikrom-go/internal/handlers/vm_handler.go:117.43,119.13 2 4
github.com/apardo/mikrom-go/internal/handlers/vm_handler.go:119.13,124.3 2 1
github.com/apardo/mikrom-go/internal/handlers/vm_handler.go:126.2,128.16 3 3
github.com/apardo/mikrom-go/internal/handlers/vm_handler.go:128.16,129.49 1 1
github.com/apardo/mikrom-go/internal/handlers/vm_handler.go:129.49,134.4 2 1
github.com/apardo/mikrom-go/internal/handlers/vm_handler.go:135.3,138.9 2 0
github.com/apardo/mikrom-go/internal/handlers/vm_handler.go:141.2,141.15 1 2
github.com/apardo/mikrom-go/internal/handlers/vm_handler.go:141.15,146.3 2 1
github.com/apardo/mikrom-go/internal/handlers/vm_handler.go:148.2,148.27 1 1
github.com/apardo/mikrom-go/internal/handlers/vm_handler.go:165.46,167.13 2 5
github.com/apardo/mikrom-go/internal/handlers/vm_handler.go:167.13,172.3 2 1
github.com/apardo/mikrom-go/internal/handlers/vm_handler.go:174.2,177.47 3 4
github.com/apardo/mikrom-go/internal/handlers/vm_handler.go:177.47,182.3 2 1
github.com/apardo/mikrom-go/internal/handlers/vm_handler.go:184.2,185.16 2 3
github.com/apardo/mikrom-go/internal/handlers/vm_handler.go:185.16,186.49 1 1
github.com/apardo/mikrom-go/internal/handlers/vm_handler.go:186.49,191.4 2 1
github.com/apardo/mikrom-go/internal/handlers/vm_handler.go:192.3,195.9 2 0
github.com/apardo/mikrom-go/internal/handlers/vm_handler.go:198.2,198.15 1 2
github.com/apardo/mikrom-go/internal/handlers/vm_handler.go:198.15,203.3 2 1
github.com/apardo/mikrom-go/internal/handlers/vm_handler.go:205.2,205.27 1 1
github.com/apardo/mikrom-go/internal/handlers/vm_handler.go:220.46,222.13 2 4
github.com/apardo/mikrom-go/internal/handlers/vm_handler.go:222.13,227.3 2 1
github.com/apardo/mikrom-go/internal/handlers/vm_handler.go:229.2,232.16 3 3
github.com/apardo/mikrom-go/internal/handlers/vm_handler.go:232.16,233.49 1 2
github.com/apardo/mikrom-go/internal/handlers/vm_handler.go:233.49,238.4 2 1
github.com/apardo/mikrom-go/internal/handlers/vm_handler.go:239.3,239.36 1 1
github.com/apardo/mikrom-go/internal/handlers/vm_handler.go:239.36,244.4 2 1
github.com/apardo/mikrom-go/internal/handlers/vm_handler.go:245.3,245.51 1 0
github.com/apardo/mikrom-go/internal/handlers/vm_handler.go:245.51,250.4 2 0
github.com/apardo/mikrom-go/internal/handlers/vm_handler.go:251.3,254.9 2 0
github.com/apardo/mikrom-go/internal/handlers/vm_handler.go:257.2,261.4 1 1
github.com/apardo/mikrom-go/internal/handlers/vm_handler.go:276.45,278.13 2 4
github.com/apardo/mikrom-go/internal/handlers/vm_handler.go:278.13,283.3 2 1
github.com/apardo/mikrom-go/internal/handlers/vm_handler.go:285.2,288.16 3 3
github.com/apardo/mikrom-go/internal/handlers/vm_handler.go:288.16,289.49 1 2
github.com/apardo/mikrom-go/internal/handlers/vm_handler.go:289.49,294.4 2 1
github.com/apardo/mikrom-go/internal/handlers/vm_handler.go:295.3,295.36 1 1
github.com/apardo/mikrom-go/internal/handlers/vm_handler.go:295.36,300.4 2 1
github.com/apardo/mikrom-go/internal/handlers/vm_handler.go:301.3,304.9 2 0
github.com/apardo/mikrom-go/internal/handlers/vm_handler.go:307.2,311.4 1 1
github.com/apardo/mikrom-go/internal/handlers/vm_handler.go:326.44,328.13 2 4
github.com/apardo/mikrom-go/internal/handlers/vm_handler.go:328.13,333.3 2 1
github.com/apardo/mikrom-go/internal/handlers/vm_handler.go:335.2,338.16 3 3
github.com/apardo/mikrom-go/internal/handlers/vm_handler.go:338.16,339.49 1 3
github.com/apardo/mikrom-go/internal/handlers/vm_handler.go:339.49,344.4 2 1
github.com/apardo/mikrom-go/internal/handlers/vm_handler.go:345.3,345.36 1 2
github.com/apardo/mikrom-go/internal/handlers/vm_handler.go:345.36,350.4 2 1
github.com/apardo/mikrom-go/internal/handlers/vm_handler.go:351.3,354.9 2 1
github.com/apardo/mikrom-go/internal/handlers/vm_handler.go:357.2,361.4 1 0
github.com/apardo/mikrom-go/internal/handlers/vm_handler.go:376.47,378.13 2 3
github.com/apardo/mikrom-go/internal/handlers/vm_handler.go:378.13,383.3 2 1
github.com/apardo/mikrom-go/internal/handlers/vm_handler.go:385.2,388.16 3 2
github.com/apardo/mikrom-go/internal/handlers/vm_handler.go:388.16,389.49 1 2
github.com/apardo/mikrom-go/internal/handlers/vm_handler.go:389.49,394.4 2 1
github.com/apardo/mikrom-go/internal/handlers/vm_handler.go:395.3,395.36 1 1
github.com/apardo/mikrom-go/internal/handlers/vm_handler.go:395.36,400.4 2 1
github.com/apardo/mikrom-go/internal/handlers/vm_handler.go:401.3,404.9 2 0
github.com/apardo/mikrom-go/internal/handlers/vm_handler.go:407.2,411.4 1 0
github.com/apardo/mikrom-go/cmd/api/main.go:17.13,23.16 3 0
github.com/apardo/mikrom-go/cmd/api/main.go:23.16,25.3 1 0
github.com/apardo/mikrom-go/cmd/api/main.go:26.2,34.16 2 0
github.com/apardo/mikrom-go/cmd/api/main.go:34.16,36.3 1 0
github.com/apardo/mikrom-go/cmd/api/main.go:39.2,62.2 14 0
github.com/apardo/mikrom-go/cmd/api/main.go:62.2,64.3 2 0
github.com/apardo/mikrom-go/cmd/api/main.go:64.3,67.4 2 0
github.com/apardo/mikrom-go/cmd/api/main.go:70.3,72.3 3 0
github.com/apardo/mikrom-go/cmd/api/main.go:72.3,74.4 1 0
github.com/apardo/mikrom-go/cmd/api/main.go:77.3,79.3 3 0
github.com/apardo/mikrom-go/cmd/api/main.go:79.3,88.4 8 0
github.com/apardo/mikrom-go/cmd/api/main.go:91.3,93.3 3 0
github.com/apardo/mikrom-go/cmd/api/main.go:93.3,102.4 8 0
github.com/apardo/mikrom-go/cmd/api/main.go:106.2,106.45 1 0
github.com/apardo/mikrom-go/cmd/api/main.go:106.45,110.3 1 0
github.com/apardo/mikrom-go/cmd/api/main.go:113.2,114.57 2 0
github.com/apardo/mikrom-go/cmd/api/main.go:114.57,116.3 1 0
github.com/apardo/mikrom-go/cmd/seed/main.go:12.13,20.16 4 0
github.com/apardo/mikrom-go/cmd/seed/main.go:20.16,22.3 1 0
github.com/apardo/mikrom-go/cmd/seed/main.go:23.2,27.103 3 0
github.com/apardo/mikrom-go/cmd/seed/main.go:27.103,29.3 1 0
github.com/apardo/mikrom-go/cmd/seed/main.go:31.2,31.15 1 0
github.com/apardo/mikrom-go/cmd/seed/main.go:31.15,34.3 2 0
github.com/apardo/mikrom-go/cmd/seed/main.go:36.2,49.49 3 0
github.com/apardo/mikrom-go/cmd/seed/main.go:49.49,51.3 1 0
github.com/apardo/mikrom-go/cmd/seed/main.go:53.2,59.29 4 0
github.com/apardo/mikrom-go/cmd/seed/main.go:59.29,66.3 1 0
github.com/apardo/mikrom-go/cmd/seed/main.go:69.2,69.70 1 0
github.com/apardo/mikrom-go/cmd/seed/main.go:69.70,71.3 1 0
github.com/apardo/mikrom-go/cmd/seed/main.go:73.2,85.91 12 0
github.com/apardo/mikrom-go/cmd/worker/main.go:17.13,24.16 4 0
github.com/apardo/mikrom-go/cmd/worker/main.go:24.16,26.3 1 0
github.com/apardo/mikrom-go/cmd/worker/main.go:27.2,40.50 7 0
github.com/apardo/mikrom-go/cmd/worker/main.go:40.50,43.3 2 0
github.com/apardo/mikrom-go/cmd/worker/main.go:43.8,45.3 1 0
github.com/apardo/mikrom-go/cmd/worker/main.go:48.2,76.12 8 0
github.com/apardo/mikrom-go/cmd/worker/main.go:76.12,78.46 2 0
github.com/apardo/mikrom-go/cmd/worker/main.go:78.46,80.4 1 0
github.com/apardo/mikrom-go/cmd/worker/main.go:84.2,91.38 5 0
github.com/apardo/mikrom-go/pkg/firecracker/client.go:19.56,24.2 1 0
github.com/apardo/mikrom-go/pkg/firecracker/client.go:45.95,58.29 2 0
github.com/apardo/mikrom-go/pkg/firecracker/client.go:58.29,60.3 1 0
github.com/apardo/mikrom-go/pkg/firecracker/client.go:62.2,63.16 2 0
github.com/apardo/mikrom-go/pkg/firecracker/client.go:63.16,65.3 1 0
github.com/apardo/mikrom-go/pkg/firecracker/client.go:67.2,73.55 2 0
github.com/apardo/mikrom-go/pkg/firecracker/client.go:77.97,84.16 3 0
github.com/apardo/mikrom-go/pkg/firecracker/client.go:84.16,86.3 1 0
github.com/apardo/mikrom-go/pkg/firecracker/client.go:88.2,94.55 2 0
github.com/apardo/mikrom-go/pkg/firecracker/client.go:98.96,105.16 3 0
github.com/apardo/mikrom-go/pkg/firecracker/client.go:105.16,107.3 1 0
github.com/apardo/mikrom-go/pkg/firecracker/client.go:109.2,115.55 2 0
github.com/apardo/mikrom-go/pkg/firecracker/client.go:119.99,126.16 3 0
github.com/apardo/mikrom-go/pkg/firecracker/client.go:126.16,128.3 1 0
github.com/apardo/mikrom-go/pkg/firecracker/client.go:130.2,136.55 2 0
github.com/apardo/mikrom-go/pkg/firecracker/client.go:140.120,162.16 9 0
github.com/apardo/mikrom-go/pkg/firecracker/client.go:162.16,164.48 1 0
github.com/apardo/mikrom-go/pkg/firecracker/client.go:164.48,166.4 1 0
github.com/apardo/mikrom-go/pkg/firecracker/client.go:167.3,167.104 1 0
github.com/apardo/mikrom-go/pkg/firecracker/client.go:170.2,170.20 1 0
github.com/apardo/mikrom-go/pkg/firecracker/client.go:174.57,181.16 5 0
github.com/apardo/mikrom-go/pkg/firecracker/client.go:181.16,183.3 1 0
github.com/apardo/mikrom-go/pkg/firecracker/client.go:185.2,185.12 1 0
github.com/apardo/mikrom-go/internal/models/ippool.go:22.34,24.2 1 0
github.com/apardo/mikrom-go/internal/models/ippool.go:39.40,41.2 1 0
github.com/apardo/mikrom-go/internal/models/vm.go:54.30,56.2 1 0
